Launching splash2x.radix...
[PARSEC] Benchmarks to run:  splash2x.radix

[PARSEC] [========== Running benchmark splash2x.radix [1] ==========]
[PARSEC] Setting up run directory.
[PARSEC] No archive for input 'native' available, skipping input setup.
[PARSEC] Running 'time /parsec/ext/splash2x/kernels/radix/inst/amd64-linux.gcc/bin/run.sh 8 native':
[PARSEC] [---------- Beginning of output ----------]
Generating input file ...
Running /parsec/ext/splash2x/kernels/radix/inst/amd64-linux.gcc/bin/radix -p8 -r4096 -n268435456 -m2147483647:

Integer Radix Sort
     268435456 Keys
     8 Processors
     Radix = 4096
     Max key = 2147483647


                 PROCESS STATISTICS
               Total            Rank            Sort
 Proc          Time             Time            Time
    0        2480031          161592         2274728

                 TIMING INFORMATION
Start time                        : 1744119932184137
Initialization finish time        : 1744119936255181
Overall finish time               : 1744119938735212
Total time with initialization    :          6551075
Total time without initialization :          2480031


real	0m6.862s
user	0m49.554s
sys	0m2.460s
[PARSEC] [----------    End of output    ----------]
[PARSEC]
[PARSEC] BIBLIOGRAPHY
[PARSEC]
[PARSEC] [1] Woo et al. The SPLASH-2 Programs: Characterization and Methodological Considerations. ISCA, 1995.
[PARSEC]
[PARSEC] Done.
