Launching parsec.canneal...
[PARSEC] Benchmarks to run:  parsec.canneal

[PARSEC] [========== Running benchmark parsec.canneal [1] ==========]
[PARSEC] Setting up run directory.
[PARSEC] Unpacking benchmark input 'native'.
2500000.nets
[PARSEC] Running 'time /parsec/pkgs/kernels/canneal/inst/amd64-linux.gcc/bin/canneal 2 15000 2000 2500000.nets 6000':
[PARSEC] [---------- Beginning of output ----------]
PARSEC Benchmark Suite Version 3.0-beta-20150206
Threadcount: 2
15000 swaps per temperature step
start temperature: 2000
netlist filename: 2500000.nets
number of temperature steps: 6000
locs created
locs assigned
Just saw element: 100000
Just saw element: 200000
Just saw element: 300000
Just saw element: 400000
Just saw element: 500000
Just saw element: 600000
Just saw element: 700000
Just saw element: 800000
Just saw element: 900000
Just saw element: 1000000
Just saw element: 1100000
Just saw element: 1200000
Just saw element: 1300000
Just saw element: 1400000
Just saw element: 1500000
Just saw element: 1600000
Just saw element: 1700000
Just saw element: 1800000
Just saw element: 1900000
Just saw element: 2000000
Just saw element: 2100000
Just saw element: 2200000
Just saw element: 2300000
Just saw element: 2400000
Just saw element: 2500000
netlist created. 2500000 elements.
Final routing is: 9.03273e+09

real	1m47.336s
user	2m58.716s
sys	0m0.491s
[PARSEC] [----------    End of output    ----------]
[PARSEC]
[PARSEC] BIBLIOGRAPHY
[PARSEC]
[PARSEC] [1] Bienia. Benchmarking Modern Multiprocessors. Ph.D. Thesis, 2011.
[PARSEC]
[PARSEC] Done.
